[2023-02-18T11:07:48.978+0000] {taskinstance.py:1083} INFO - Dependencies all met for <TaskInstance: is459_t1.twitter_scraper manual__2023-02-18T11:07:46.810336+00:00 [queued]>
[2023-02-18T11:07:48.994+0000] {taskinstance.py:1083} INFO - Dependencies all met for <TaskInstance: is459_t1.twitter_scraper manual__2023-02-18T11:07:46.810336+00:00 [queued]>
[2023-02-18T11:07:48.994+0000] {taskinstance.py:1279} INFO - 
--------------------------------------------------------------------------------
[2023-02-18T11:07:48.995+0000] {taskinstance.py:1280} INFO - Starting attempt 1 of 1
[2023-02-18T11:07:48.995+0000] {taskinstance.py:1281} INFO - 
--------------------------------------------------------------------------------
[2023-02-18T11:07:49.012+0000] {taskinstance.py:1300} INFO - Executing <Task(PythonOperator): twitter_scraper> on 2023-02-18 11:07:46.810336+00:00
[2023-02-18T11:07:49.019+0000] {standard_task_runner.py:55} INFO - Started process 475 to run task
[2023-02-18T11:07:49.022+0000] {standard_task_runner.py:82} INFO - Running: ['***', 'tasks', 'run', 'is459_t1', 'twitter_scraper', 'manual__2023-02-18T11:07:46.810336+00:00', '--job-id', '15', '--raw', '--subdir', 'DAGS_FOLDER/is459t1_dag.py', '--cfg-path', '/tmp/tmp3t7jwdav']
[2023-02-18T11:07:49.023+0000] {standard_task_runner.py:83} INFO - Job 15: Subtask twitter_scraper
[2023-02-18T11:07:49.085+0000] {task_command.py:388} INFO - Running <TaskInstance: is459_t1.twitter_scraper manual__2023-02-18T11:07:46.810336+00:00 [running]> on host f2ef2ac15e6b
[2023-02-18T11:07:49.151+0000] {taskinstance.py:1509} INFO - Exporting the following env vars:
AIRFLOW_CTX_DAG_OWNER=lindy
AIRFLOW_CTX_DAG_ID=is459_t1
AIRFLOW_CTX_TASK_ID=twitter_scraper
AIRFLOW_CTX_EXECUTION_DATE=2023-02-18T11:07:46.810336+00:00
AIRFLOW_CTX_TRY_NUMBER=1
AIRFLOW_CTX_DAG_RUN_ID=manual__2023-02-18T11:07:46.810336+00:00
[2023-02-18T11:07:49.154+0000] {logging_mixin.py:137} INFO - Empty File Created Successfully
[2023-02-18T11:07:49.154+0000] {python.py:177} INFO - Done. Returned value was: None
[2023-02-18T11:07:49.165+0000] {taskinstance.py:1323} INFO - Marking task as SUCCESS. dag_id=is459_t1, task_id=twitter_scraper, execution_date=20230218T110746, start_date=20230218T110748, end_date=20230218T110749
[2023-02-18T11:07:49.195+0000] {local_task_job.py:208} INFO - Task exited with return code 0
[2023-02-18T11:07:49.212+0000] {taskinstance.py:2578} INFO - 0 downstream tasks scheduled from follow-on schedule check
