[2023-02-18T11:31:07.421+0000] {taskinstance.py:1083} INFO - Dependencies all met for <TaskInstance: is459_t1.twitter_translator manual__2023-02-18T11:30:25.687977+00:00 [queued]>
[2023-02-18T11:31:07.439+0000] {taskinstance.py:1083} INFO - Dependencies all met for <TaskInstance: is459_t1.twitter_translator manual__2023-02-18T11:30:25.687977+00:00 [queued]>
[2023-02-18T11:31:07.441+0000] {taskinstance.py:1279} INFO - 
--------------------------------------------------------------------------------
[2023-02-18T11:31:07.441+0000] {taskinstance.py:1280} INFO - Starting attempt 1 of 1
[2023-02-18T11:31:07.442+0000] {taskinstance.py:1281} INFO - 
--------------------------------------------------------------------------------
[2023-02-18T11:31:07.471+0000] {taskinstance.py:1300} INFO - Executing <Task(PythonOperator): twitter_translator> on 2023-02-18 11:30:25.687977+00:00
[2023-02-18T11:31:07.483+0000] {standard_task_runner.py:55} INFO - Started process 394 to run task
[2023-02-18T11:31:07.488+0000] {standard_task_runner.py:82} INFO - Running: ['***', 'tasks', 'run', 'is459_t1', 'twitter_translator', 'manual__2023-02-18T11:30:25.687977+00:00', '--job-id', '21', '--raw', '--subdir', 'DAGS_FOLDER/is459t1_dag.py', '--cfg-path', '/tmp/tmpthw3sq7q']
[2023-02-18T11:31:07.489+0000] {standard_task_runner.py:83} INFO - Job 21: Subtask twitter_translator
[2023-02-18T11:31:07.600+0000] {task_command.py:388} INFO - Running <TaskInstance: is459_t1.twitter_translator manual__2023-02-18T11:30:25.687977+00:00 [running]> on host 9c652de7ba26
[2023-02-18T11:31:07.714+0000] {taskinstance.py:1507} INFO - Exporting the following env vars:
AIRFLOW_CTX_DAG_OWNER=lindy
AIRFLOW_CTX_DAG_ID=is459_t1
AIRFLOW_CTX_TASK_ID=twitter_translator
AIRFLOW_CTX_EXECUTION_DATE=2023-02-18T11:30:25.687977+00:00
AIRFLOW_CTX_TRY_NUMBER=1
AIRFLOW_CTX_DAG_RUN_ID=manual__2023-02-18T11:30:25.687977+00:00
[2023-02-18T11:31:07.775+0000] {logging_mixin.py:137} INFO - 1177
[2023-02-18T11:31:07.776+0000] {python.py:177} INFO - Done. Returned value was: None
[2023-02-18T11:31:07.792+0000] {taskinstance.py:1318} INFO - Marking task as SUCCESS. dag_id=is459_t1, task_id=twitter_translator, execution_date=20230218T113025, start_date=20230218T113107, end_date=20230218T113107
[2023-02-18T11:31:07.862+0000] {local_task_job.py:208} INFO - Task exited with return code 0
[2023-02-18T11:31:07.894+0000] {taskinstance.py:2578} INFO - 0 downstream tasks scheduled from follow-on schedule check
